<?xml version="1.0" encoding="UTF-8"?>
<!-- Generated by org.testng.reporters.JUnitReportReporter -->
<testsuite skipped="0" hostname="DESKTOP-HM5G61C" name="com.sample.test.demo.tests.TC_01_HappyPath" tests="1" failures="0" timestamp="13 Nov 2019 21:20:47 GMT" time="1.062" errors="0">
  <testcase name="happyPath" time="1.062" classname="com.sample.test.demo.tests.TC_01_HappyPath"/>
</testsuite> <!-- com.sample.test.demo.tests.TC_01_HappyPath -->
