<?xml version="1.0" encoding="UTF-8"?>
<!-- Generated by org.testng.reporters.JUnitReportReporter -->
<testsuite skipped="0" hostname="DESKTOP-HM5G61C" name="com.sample.test.demo.tests.TC_04_ValidatingPickUpInformation" tests="2" failures="0" timestamp="13 Nov 2019 22:03:20 GMT" time="1.343" errors="0">
  <testcase name="missingPhoneNumber" time="0.688" classname="com.sample.test.demo.tests.TC_04_ValidatingPickUpInformation"/>
  <testcase name="missingUserName" time="0.655" classname="com.sample.test.demo.tests.TC_04_ValidatingPickUpInformation"/>
</testsuite> <!-- com.sample.test.demo.tests.TC_04_ValidatingPickUpInformation -->
